Training on cuda
Doing 7 iterations on 1000 songs. Each epoch consists of 33019 mini-batches of size 64.
Epoch 0/7
 Batch 0-1000: loss 6.5039, accuracy 0.1615 (0.1623, 0.1610), TF ratio 0.63
 Batch 1000-2000: loss 5.5424, accuracy 0.2394 (0.2402, 0.2390), TF ratio 0.63
 Batch 2000-3000: loss 4.9839, accuracy 0.2818 (0.2806, 0.2826), TF ratio 0.62
 Batch 3000-4000: loss 4.5417, accuracy 0.3199 (0.3161, 0.3222), TF ratio 0.62
 Batch 4000-5000: loss 4.1498, accuracy 0.3559 (0.3511, 0.3590), TF ratio 0.60
 Batch 5000-6000: loss 3.8320, accuracy 0.3897 (0.3842, 0.3933), TF ratio 0.60
 Batch 6000-7000: loss 3.5377, accuracy 0.4225 (0.4200, 0.4243), TF ratio 0.60
 Batch 7000-8000: loss 3.3110, accuracy 0.4514 (0.4473, 0.4543), TF ratio 0.59
 Batch 8000-9000: loss 3.0982, accuracy 0.4791 (0.4754, 0.4818), TF ratio 0.59
 Batch 9000-10000: loss 2.9055, accuracy 0.5067 (0.5032, 0.5092), TF ratio 0.58
 Batch 10000-11000: loss 2.7623, accuracy 0.5286 (0.5241, 0.5321), TF ratio 0.57
 Batch 11000-12000: loss 2.6051, accuracy 0.5532 (0.5480, 0.5572), TF ratio 0.56
 Batch 12000-13000: loss 2.4706, accuracy 0.5747 (0.5708, 0.5777), TF ratio 0.56
 Batch 13000-14000: loss 2.3497, accuracy 0.5951 (0.5898, 0.5991), TF ratio 0.57
 Batch 14000-15000: loss 2.2450, accuracy 0.6127 (0.6076, 0.6167), TF ratio 0.56
 Batch 15000-16000: loss 2.1432, accuracy 0.6297 (0.6251, 0.6336), TF ratio 0.55
 Batch 16000-17000: loss 2.0435, accuracy 0.6470 (0.6425, 0.6507), TF ratio 0.55
 Batch 17000-18000: loss 1.9830, accuracy 0.6559 (0.6507, 0.6603), TF ratio 0.54
 Batch 18000-19000: loss 1.8873, accuracy 0.6730 (0.6679, 0.6775), TF ratio 0.53
 Batch 19000-20000: loss 1.8121, accuracy 0.6865 (0.6812, 0.6912), TF ratio 0.53
 Batch 20000-21000: loss 1.7867, accuracy 0.6907 (0.6868, 0.6944), TF ratio 0.51
 Batch 21000-22000: loss 1.7442, accuracy 0.6959 (0.6913, 0.7003), TF ratio 0.51
 Batch 22000-23000: loss 1.6345, accuracy 0.7170 (0.7119, 0.7220), TF ratio 0.51
 Batch 23000-24000: loss 1.5824, accuracy 0.7250 (0.7203, 0.7295), TF ratio 0.51
 Batch 24000-25000: loss 1.5304, accuracy 0.7350 (0.7309, 0.7392), TF ratio 0.50
 Batch 25000-26000: loss 1.4699, accuracy 0.7466 (0.7425, 0.7509), TF ratio 0.49
 Batch 26000-27000: loss 1.4276, accuracy 0.7528 (0.7480, 0.7580), TF ratio 0.48
 Batch 27000-28000: loss 1.3772, accuracy 0.7620 (0.7583, 0.7661), TF ratio 0.48
 Batch 28000-29000: loss 1.3286, accuracy 0.7706 (0.7663, 0.7754), TF ratio 0.47
 Batch 29000-30000: loss 1.3036, accuracy 0.7750 (0.7705, 0.7801), TF ratio 0.46
 Batch 30000-31000: loss 1.2627, accuracy 0.7817 (0.7775, 0.7865), TF ratio 0.47
 Batch 31000-32000: loss 1.2485, accuracy 0.7835 (0.7796, 0.7880), TF ratio 0.46
 Batch 32000-33000: loss 1.2399, accuracy 0.7837 (0.7798, 0.7886), TF ratio 0.45
Epoch finished (33019 trainings), loss 2.5339, accuracy 0.5905 (0.6056, 0.5778)
 Song 0/24: loss 0.4782, accuracy 0.9073 (cf363c9f4d840c4fd41c01c1f348b317)   
 Song 1/24: loss 1.1304, accuracy 0.7869 (cf36e31070af0c63813de6bb3c6c853d)   
 Song 2/24: loss 1.2311, accuracy 0.8005 (cf3f783099cbecf5b57fc0027176dc14)   
 Song 3/24: loss 0.8121, accuracy 0.8180 (cf46760cbeb205f4e15d35e0cea21cf9)   
 Song 4/24: loss 0.4762, accuracy 0.8739 (cf46dff2dbe726e218a67cf2b4d825b8)   
 Song 5/24: loss 0.6997, accuracy 0.8551 (cf48707e1fe330949250a901d199b04a)   
 Song 6/24: loss 1.3884, accuracy 0.7466 (cf51905661585136442e19144f72e75a)   
 Song 7/24: loss 3.6167, accuracy 0.5248 (cf5ae665a1c04c681fc3e8c7919fbf6d)   
 Song 8/24: loss 0.6949, accuracy 0.8523 (cf6018c806aefd644b5de1e4ee20208e)   
 Song 9/24: loss 1.8745, accuracy 0.7171 (cf625cb5ea447ae730fbc0ed7859dcc1)   
 Song 10/24: loss 1.8959, accuracy 0.6394 (cf69804609937fb7051519e78baf3704)   
 Song 11/24: loss 1.1117, accuracy 0.8132 (cf69e4f5a6938b4b6b344f6fee54bf5c)   
 Song 12/24: loss 0.4386, accuracy 0.9287 (cf6e6874c9d7637eb70b51dcf1e6cadc)   
 Song 13/24: loss 1.3784, accuracy 0.7795 (cf6f76bdfbea9c324f5783e168322c62)   
 Song 14/24: loss 0.7186, accuracy 0.8534 (cf72389fe54c1950b9ce696842a23fac)   
 Song 15/24: loss 2.2855, accuracy 0.6375 (cf8e1bb39be80b087d9fbdab766934c0)   
 Song 16/24: loss 0.1867, accuracy 0.9656 (cfa0338db395ffa8337791f3f55ce0e7)   
 Song 17/24: loss 1.1994, accuracy 0.7346 (cfa1bd9c5e4b709e68a88c3f2c693af1)   
 Song 18/24: loss 0.6512, accuracy 0.8378 (cfa53e81cd112cb6da5205d5d0ed644e)   
 Song 19/24: loss 0.6082, accuracy 0.8777 (cfaa0c8323d3a51bccdbb575734940d5)   
 Song 20/24: loss 2.1348, accuracy 0.6506 (cfb13078ccae1f45103930dd689ce562)   
 Song 21/24: loss 0.9261, accuracy 0.8284 (cfb1754fbb16eff0996779ee8534c5ba)   
 Song 22/24: loss 1.4378, accuracy 0.7191 (cfb1fda2ebff16f040cbec199b40a20d)   
 Song 23/24: loss 1.5227, accuracy 0.7307 (cfbb63538c68f471b8f85aa2a376ab95)   
Completed evaluation: loss 1.1659, accuracy 0.7872
Epoch 1/7
 Batch 0-1000: loss 1.0935, accuracy 0.8177 (0.8144, 0.8218), TF ratio 0.44
 Batch 1000-2000: loss 1.0620, accuracy 0.8234 (0.8201, 0.8275), TF ratio 0.44
 Batch 2000-3000: loss 1.0371, accuracy 0.8285 (0.8249, 0.8332), TF ratio 0.43
 Batch 3000-4000: loss 1.0182, accuracy 0.8311 (0.8282, 0.8349), TF ratio 0.43
 Batch 4000-5000: loss 1.0091, accuracy 0.8330 (0.8293, 0.8380), TF ratio 0.42
 Batch 5000-6000: loss 0.9881, accuracy 0.8362 (0.8326, 0.8411), TF ratio 0.43
 Batch 6000-7000: loss 0.9688, accuracy 0.8395 (0.8362, 0.8442), TF ratio 0.41
 Batch 7000-8000: loss 0.9685, accuracy 0.8399 (0.8366, 0.8445), TF ratio 0.42
 Batch 8000-9000: loss 0.9449, accuracy 0.8427 (0.8394, 0.8474), TF ratio 0.41
 Batch 9000-10000: loss 0.9330, accuracy 0.8448 (0.8413, 0.8498), TF ratio 0.41
 Batch 10000-11000: loss 0.9114, accuracy 0.8490 (0.8462, 0.8532), TF ratio 0.40
 Batch 11000-12000: loss 1.0157, accuracy 0.8251 (0.8209, 0.8317), TF ratio 0.39
 Batch 12000-13000: loss 0.9142, accuracy 0.8462 (0.8428, 0.8517), TF ratio 0.38
 Batch 13000-14000: loss 0.8954, accuracy 0.8501 (0.8468, 0.8553), TF ratio 0.38
 Batch 14000-15000: loss 0.8843, accuracy 0.8522 (0.8495, 0.8567), TF ratio 0.37
 Batch 15000-16000: loss 0.8695, accuracy 0.8546 (0.8520, 0.8591), TF ratio 0.36
 Batch 16000-17000: loss 0.8469, accuracy 0.8584 (0.8560, 0.8626), TF ratio 0.36
 Batch 17000-18000: loss 0.8542, accuracy 0.8563 (0.8534, 0.8616), TF ratio 0.36
 Batch 18000-19000: loss 0.8430, accuracy 0.8582 (0.8555, 0.8630), TF ratio 0.35
 Batch 19000-20000: loss 0.8199, accuracy 0.8635 (0.8612, 0.8677), TF ratio 0.35
 Batch 20000-21000: loss 0.8068, accuracy 0.8662 (0.8639, 0.8706), TF ratio 0.34
 Batch 21000-22000: loss 0.7978, accuracy 0.8679 (0.8653, 0.8731), TF ratio 0.34
 Batch 22000-23000: loss 0.7887, accuracy 0.8678 (0.8654, 0.8729), TF ratio 0.33
 Batch 23000-24000: loss 0.7666, accuracy 0.8719 (0.8690, 0.8778), TF ratio 0.33
 Batch 24000-25000: loss 0.7861, accuracy 0.8677 (0.8657, 0.8722), TF ratio 0.32
 Batch 25000-26000: loss 0.7614, accuracy 0.8722 (0.8698, 0.8773), TF ratio 0.31
 Batch 26000-27000: loss 0.7565, accuracy 0.8736 (0.8711, 0.8792), TF ratio 0.31
 Batch 27000-28000: loss 0.7447, accuracy 0.8752 (0.8730, 0.8799), TF ratio 0.31
 Batch 28000-29000: loss 0.7249, accuracy 0.8790 (0.8767, 0.8845), TF ratio 0.29
 Batch 29000-30000: loss 0.7230, accuracy 0.8789 (0.8768, 0.8840), TF ratio 0.29
 Batch 30000-31000: loss 0.7184, accuracy 0.8802 (0.8781, 0.8856), TF ratio 0.29
 Batch 31000-32000: loss 0.7059, accuracy 0.8825 (0.8808, 0.8871), TF ratio 0.28
 Batch 32000-33000: loss 0.6996, accuracy 0.8825 (0.8806, 0.8875), TF ratio 0.28
Epoch finished (33019 trainings), loss 0.8683, accuracy 0.8550 (0.8537, 0.8574)
 Song 0/24: loss 0.2000, accuracy 0.9704 (cf363c9f4d840c4fd41c01c1f348b317)   
 Song 1/24: loss 0.6201, accuracy 0.8939 (cf36e31070af0c63813de6bb3c6c853d)   
 Song 2/24: loss 0.7260, accuracy 0.8782 (cf3f783099cbecf5b57fc0027176dc14)   
 Song 3/24: loss 0.3854, accuracy 0.9157 (cf46760cbeb205f4e15d35e0cea21cf9)   
 Song 4/24: loss 0.2146, accuracy 0.9550 (cf46dff2dbe726e218a67cf2b4d825b8)   
 Song 5/24: loss 0.3042, accuracy 0.9471 (cf48707e1fe330949250a901d199b04a)   
 Song 6/24: loss 0.8626, accuracy 0.8519 (cf51905661585136442e19144f72e75a)   
 Song 7/24: loss 2.9192, accuracy 0.6029 (cf5ae665a1c04c681fc3e8c7919fbf6d)   
 Song 8/24: loss 0.3475, accuracy 0.9336 (cf6018c806aefd644b5de1e4ee20208e)   
 Song 9/24: loss 1.3492, accuracy 0.8204 (cf625cb5ea447ae730fbc0ed7859dcc1)   
 Song 10/24: loss 1.1705, accuracy 0.7716 (cf69804609937fb7051519e78baf3704)   
 Song 11/24: loss 0.6955, accuracy 0.8912 (cf69e4f5a6938b4b6b344f6fee54bf5c)   
 Song 12/24: loss 0.2222, accuracy 0.9624 (cf6e6874c9d7637eb70b51dcf1e6cadc)   
 Song 13/24: loss 0.9088, accuracy 0.8559 (cf6f76bdfbea9c324f5783e168322c62)   
 Song 14/24: loss 0.3431, accuracy 0.9363 (cf72389fe54c1950b9ce696842a23fac)   
 Song 15/24: loss 1.5297, accuracy 0.7649 (cf8e1bb39be80b087d9fbdab766934c0)   
 Song 16/24: loss 0.0806, accuracy 0.9906 (cfa0338db395ffa8337791f3f55ce0e7)   
 Song 17/24: loss 0.9655, accuracy 0.8389 (cfa1bd9c5e4b709e68a88c3f2c693af1)   
 Song 18/24: loss 0.3665, accuracy 0.9042 (cfa53e81cd112cb6da5205d5d0ed644e)   
 Song 19/24: loss 0.2749, accuracy 0.9539 (cfaa0c8323d3a51bccdbb575734940d5)   
 Song 20/24: loss 1.4137, accuracy 0.7754 (cfb13078ccae1f45103930dd689ce562)   
 Song 21/24: loss 0.5147, accuracy 0.9172 (cfb1754fbb16eff0996779ee8534c5ba)   
 Song 22/24: loss 0.7430, accuracy 0.8427 (cfb1fda2ebff16f040cbec199b40a20d)   
 Song 23/24: loss 0.8808, accuracy 0.8434 (cfbb63538c68f471b8f85aa2a376ab95)   
Completed evaluation: loss 0.7206, accuracy 0.8749
Epoch 2/7
 Batch 0-1000: loss 0.6461, accuracy 0.8963 (0.8945, 0.9009), TF ratio 0.28
 Batch 1000-2000: loss 0.6263, accuracy 0.8999 (0.8984, 0.9043), TF ratio 0.26
 Batch 2000-3000: loss 0.6273, accuracy 0.9000 (0.8990, 0.9030), TF ratio 0.26
 Batch 3000-4000: loss 0.6257, accuracy 0.9007 (0.8991, 0.9054), TF ratio 0.25
 Batch 4000-5000: loss 0.6198, accuracy 0.9014 (0.8996, 0.9069), TF ratio 0.24
 Batch 5000-6000: loss 0.6169, accuracy 0.9013 (0.8996, 0.9068), TF ratio 0.24
 Batch 6000-7000: loss 0.6089, accuracy 0.9025 (0.9005, 0.9088), TF ratio 0.24
 Batch 7000-8000: loss 0.6052, accuracy 0.9030 (0.9015, 0.9077), TF ratio 0.23
 Batch 8000-9000: loss 0.6005, accuracy 0.9045 (0.9031, 0.9091), TF ratio 0.23
 Batch 9000-10000: loss 0.6068, accuracy 0.9025 (0.9012, 0.9069), TF ratio 0.22
 Batch 10000-11000: loss 0.5938, accuracy 0.9049 (0.9037, 0.9090), TF ratio 0.22
 Batch 11000-12000: loss 0.5903, accuracy 0.9059 (0.9049, 0.9098), TF ratio 0.21
 Batch 12000-13000: loss 0.5858, accuracy 0.9068 (0.9058, 0.9105), TF ratio 0.21
 Batch 13000-14000: loss 0.5739, accuracy 0.9082 (0.9070, 0.9132), TF ratio 0.20
 Batch 14000-15000: loss 0.5792, accuracy 0.9072 (0.9060, 0.9122), TF ratio 0.20
 Batch 15000-16000: loss 0.5731, accuracy 0.9084 (0.9072, 0.9135), TF ratio 0.19
 Batch 16000-17000: loss 0.5639, accuracy 0.9097 (0.9087, 0.9144), TF ratio 0.18
 Batch 17000-18000: loss 0.5708, accuracy 0.9082 (0.9070, 0.9135), TF ratio 0.18
 Batch 18000-19000: loss 0.5581, accuracy 0.9108 (0.9099, 0.9148), TF ratio 0.18
 Batch 19000-20000: loss 0.5588, accuracy 0.9107 (0.9098, 0.9152), TF ratio 0.17
 Batch 20000-21000: loss 0.5654, accuracy 0.9087 (0.9079, 0.9134), TF ratio 0.16
 Batch 21000-22000: loss 0.5470, accuracy 0.9128 (0.9119, 0.9178), TF ratio 0.16
 Batch 22000-23000: loss 0.5465, accuracy 0.9129 (0.9120, 0.9175), TF ratio 0.16
 Batch 23000-24000: loss 0.5477, accuracy 0.9122 (0.9113, 0.9171), TF ratio 0.15
 Batch 24000-25000: loss 0.5411, accuracy 0.9133 (0.9126, 0.9179), TF ratio 0.14
 Batch 25000-26000: loss 0.5409, accuracy 0.9133 (0.9125, 0.9187), TF ratio 0.13
 Batch 26000-27000: loss 0.5658, accuracy 0.9070 (0.9061, 0.9125), TF ratio 0.13
 Batch 27000-28000: loss 0.5396, accuracy 0.9132 (0.9124, 0.9187), TF ratio 0.12
 Batch 28000-29000: loss 0.5338, accuracy 0.9145 (0.9142, 0.9169), TF ratio 0.12
 Batch 29000-30000: loss 0.5218, accuracy 0.9163 (0.9158, 0.9195), TF ratio 0.11
 Batch 30000-31000: loss 0.5198, accuracy 0.9167 (0.9160, 0.9226), TF ratio 0.10
 Batch 31000-32000: loss 0.5153, accuracy 0.9176 (0.9173, 0.9196), TF ratio 0.11
 Batch 32000-33000: loss 0.5176, accuracy 0.9167 (0.9161, 0.9222), TF ratio 0.10
Epoch finished (33019 trainings), loss 0.5737, accuracy 0.9081 (0.9074, 0.9113)
 Song 0/24: loss 0.1110, accuracy 0.9838 (cf363c9f4d840c4fd41c01c1f348b317)   
 Song 1/24: loss 0.4727, accuracy 0.9198 (cf36e31070af0c63813de6bb3c6c853d)   
 Song 2/24: loss 0.5374, accuracy 0.9101 (cf3f783099cbecf5b57fc0027176dc14)   
 Song 3/24: loss 0.2517, accuracy 0.9496 (cf46760cbeb205f4e15d35e0cea21cf9)   
 Song 4/24: loss 0.1137, accuracy 0.9820 (cf46dff2dbe726e218a67cf2b4d825b8)   
 Song 5/24: loss 0.1828, accuracy 0.9770 (cf48707e1fe330949250a901d199b04a)   
 Song 6/24: loss 0.6360, accuracy 0.8927 (cf51905661585136442e19144f72e75a)   
 Song 7/24: loss 2.5594, accuracy 0.6611 (cf5ae665a1c04c681fc3e8c7919fbf6d)   
 Song 8/24: loss 0.2387, accuracy 0.9584 (cf6018c806aefd644b5de1e4ee20208e)   
 Song 9/24: loss 1.1381, accuracy 0.8566 (cf625cb5ea447ae730fbc0ed7859dcc1)   
 Song 10/24: loss 0.8391, accuracy 0.8353 (cf69804609937fb7051519e78baf3704)   
 Song 11/24: loss 0.5583, accuracy 0.9097 (cf69e4f5a6938b4b6b344f6fee54bf5c)   
 Song 12/24: loss 0.1540, accuracy 0.9723 (cf6e6874c9d7637eb70b51dcf1e6cadc)   
 Song 13/24: loss 0.7136, accuracy 0.8929 (cf6f76bdfbea9c324f5783e168322c62)   
 Song 14/24: loss 0.2192, accuracy 0.9605 (cf72389fe54c1950b9ce696842a23fac)   
 Song 15/24: loss 1.2426, accuracy 0.8134 (cf8e1bb39be80b087d9fbdab766934c0)   
 Song 16/24: loss 0.0641, accuracy 0.9906 (cfa0338db395ffa8337791f3f55ce0e7)   
 Song 17/24: loss 0.4421, accuracy 0.9242 (cfa1bd9c5e4b709e68a88c3f2c693af1)   
 Song 18/24: loss 0.2966, accuracy 0.9310 (cfa53e81cd112cb6da5205d5d0ed644e)   
 Song 19/24: loss 0.1860, accuracy 0.9663 (cfaa0c8323d3a51bccdbb575734940d5)   
 Song 20/24: loss 1.1726, accuracy 0.8077 (cfb13078ccae1f45103930dd689ce562)   
 Song 21/24: loss 0.3805, accuracy 0.9364 (cfb1754fbb16eff0996779ee8534c5ba)   
 Song 22/24: loss 0.5967, accuracy 0.8989 (cfb1fda2ebff16f040cbec199b40a20d)   
 Song 23/24: loss 0.6200, accuracy 0.9040 (cfbb63538c68f471b8f85aa2a376ab95)   
Completed evaluation: loss 0.5591, accuracy 0.9077
Epoch 3/7
 Batch 0-1000: loss 0.4912, accuracy 0.9231 (0.9227, 0.9273), TF ratio 0.09
 Batch 1000-2000: loss 0.4882, accuracy 0.9242 (0.9236, 0.9295), TF ratio 0.09
 Batch 2000-3000: loss 0.4773, accuracy 0.9262 (0.9258, 0.9301), TF ratio 0.09
 Batch 3000-4000: loss 0.4802, accuracy 0.9259 (0.9256, 0.9287), TF ratio 0.09
 Batch 4000-5000: loss 0.4750, accuracy 0.9268 (0.9264, 0.9315), TF ratio 0.09
 Batch 5000-6000: loss 0.4731, accuracy 0.9269 (0.9265, 0.9305), TF ratio 0.09
 Batch 6000-7000: loss 0.4728, accuracy 0.9270 (0.9265, 0.9324), TF ratio 0.09
 Batch 7000-8000: loss 0.4778, accuracy 0.9265 (0.9259, 0.9328), TF ratio 0.09
 Batch 8000-9000: loss 0.4748, accuracy 0.9262 (0.9258, 0.9309), TF ratio 0.09
 Batch 9000-10000: loss 0.4669, accuracy 0.9277 (0.9274, 0.9310), TF ratio 0.09
 Batch 10000-11000: loss 0.4602, accuracy 0.9287 (0.9283, 0.9324), TF ratio 0.09
 Batch 11000-12000: loss 0.4651, accuracy 0.9282 (0.9279, 0.9316), TF ratio 0.09
 Batch 12000-13000: loss 0.4631, accuracy 0.9288 (0.9283, 0.9343), TF ratio 0.08
 Batch 13000-14000: loss 0.4622, accuracy 0.9292 (0.9288, 0.9332), TF ratio 0.09
 Batch 14000-15000: loss 0.4579, accuracy 0.9287 (0.9284, 0.9324), TF ratio 0.09
 Batch 15000-16000: loss 0.4540, accuracy 0.9303 (0.9298, 0.9347), TF ratio 0.09
 Batch 16000-17000: loss 0.4555, accuracy 0.9299 (0.9295, 0.9337), TF ratio 0.09
 Batch 17000-18000: loss 0.4495, accuracy 0.9306 (0.9303, 0.9342), TF ratio 0.08
 Batch 18000-19000: loss 0.4494, accuracy 0.9305 (0.9301, 0.9343), TF ratio 0.09
 Batch 19000-20000: loss 0.4478, accuracy 0.9310 (0.9307, 0.9344), TF ratio 0.09
 Batch 20000-21000: loss 0.4463, accuracy 0.9314 (0.9311, 0.9348), TF ratio 0.09
 Batch 21000-22000: loss 0.4426, accuracy 0.9320 (0.9316, 0.9362), TF ratio 0.09
 Batch 22000-23000: loss 0.4453, accuracy 0.9317 (0.9312, 0.9370), TF ratio 0.09
 Batch 23000-24000: loss 0.4379, accuracy 0.9325 (0.9322, 0.9364), TF ratio 0.09
 Batch 24000-25000: loss 0.4353, accuracy 0.9332 (0.9327, 0.9381), TF ratio 0.09
 Batch 25000-26000: loss 0.4418, accuracy 0.9317 (0.9313, 0.9355), TF ratio 0.09
 Batch 26000-27000: loss 0.4412, accuracy 0.9322 (0.9319, 0.9349), TF ratio 0.10
 Batch 27000-28000: loss 0.4334, accuracy 0.9334 (0.9330, 0.9378), TF ratio 0.09
 Batch 28000-29000: loss 0.4340, accuracy 0.9335 (0.9330, 0.9377), TF ratio 0.09
 Batch 29000-30000: loss 0.4273, accuracy 0.9345 (0.9339, 0.9396), TF ratio 0.09
 Batch 30000-31000: loss 0.4307, accuracy 0.9337 (0.9333, 0.9380), TF ratio 0.09
 Batch 31000-32000: loss 0.4218, accuracy 0.9351 (0.9350, 0.9364), TF ratio 0.09
 Batch 32000-33000: loss 0.4304, accuracy 0.9334 (0.9330, 0.9376), TF ratio 0.09
Epoch finished (33019 trainings), loss 0.4548, accuracy 0.9298 (0.9294, 0.9339)
 Song 0/24: loss 0.0803, accuracy 0.9905 (cf363c9f4d840c4fd41c01c1f348b317)   
 Song 1/24: loss 0.3509, accuracy 0.9410 (cf36e31070af0c63813de6bb3c6c853d)   
 Song 2/24: loss 0.4768, accuracy 0.9240 (cf3f783099cbecf5b57fc0027176dc14)   
 Song 3/24: loss 0.1981, accuracy 0.9630 (cf46760cbeb205f4e15d35e0cea21cf9)   
 Song 4/24: loss 0.0779, accuracy 0.9842 (cf46dff2dbe726e218a67cf2b4d825b8)   
 Song 5/24: loss 0.1607, accuracy 0.9761 (cf48707e1fe330949250a901d199b04a)   
 Song 6/24: loss 0.5448, accuracy 0.9138 (cf51905661585136442e19144f72e75a)   
 Song 7/24: loss 2.4005, accuracy 0.6719 (cf5ae665a1c04c681fc3e8c7919fbf6d)   
 Song 8/24: loss 0.1939, accuracy 0.9664 (cf6018c806aefd644b5de1e4ee20208e)   
 Song 9/24: loss 1.0389, accuracy 0.8721 (cf625cb5ea447ae730fbc0ed7859dcc1)   
 Song 10/24: loss 0.7119, accuracy 0.8622 (cf69804609937fb7051519e78baf3704)   
 Song 11/24: loss 0.4830, accuracy 0.9209 (cf69e4f5a6938b4b6b344f6fee54bf5c)   
 Song 12/24: loss 0.1075, accuracy 0.9842 (cf6e6874c9d7637eb70b51dcf1e6cadc)   
 Song 13/24: loss 0.6370, accuracy 0.9033 (cf6f76bdfbea9c324f5783e168322c62)   
 Song 14/24: loss 0.1886, accuracy 0.9628 (cf72389fe54c1950b9ce696842a23fac)   
 Song 15/24: loss 1.0797, accuracy 0.8410 (cf8e1bb39be80b087d9fbdab766934c0)   
 Song 16/24: loss 0.0425, accuracy 0.9939 (cfa0338db395ffa8337791f3f55ce0e7)   
 Song 17/24: loss 0.3933, accuracy 0.9289 (cfa1bd9c5e4b709e68a88c3f2c693af1)   
 Song 18/24: loss 0.2816, accuracy 0.9337 (cfa53e81cd112cb6da5205d5d0ed644e)   
 Song 19/24: loss 0.1233, accuracy 0.9823 (cfaa0c8323d3a51bccdbb575734940d5)   
 Song 20/24: loss 1.0212, accuracy 0.8406 (cfb13078ccae1f45103930dd689ce562)   
 Song 21/24: loss 0.3202, accuracy 0.9445 (cfb1754fbb16eff0996779ee8534c5ba)   
 Song 22/24: loss 0.4763, accuracy 0.9101 (cfb1fda2ebff16f040cbec199b40a20d)   
 Song 23/24: loss 0.5276, accuracy 0.9115 (cfbb63538c68f471b8f85aa2a376ab95)   
Completed evaluation: loss 0.4911, accuracy 0.9195
Epoch 4/7
 Batch 0-1000: loss 0.4138, accuracy 0.9376 (0.9372, 0.9416), TF ratio 0.09
 Batch 1000-2000: loss 0.4060, accuracy 0.9389 (0.9386, 0.9426), TF ratio 0.09
 Batch 2000-3000: loss 0.4034, accuracy 0.9394 (0.9389, 0.9447), TF ratio 0.09
 Batch 3000-4000: loss 0.4028, accuracy 0.9398 (0.9395, 0.9427), TF ratio 0.09
 Batch 4000-5000: loss 0.4117, accuracy 0.9385 (0.9381, 0.9420), TF ratio 0.09
 Batch 5000-6000: loss 0.4055, accuracy 0.9395 (0.9391, 0.9429), TF ratio 0.09
 Batch 6000-7000: loss 0.4039, accuracy 0.9392 (0.9388, 0.9427), TF ratio 0.10
 Batch 7000-8000: loss 0.4011, accuracy 0.9397 (0.9394, 0.9425), TF ratio 0.09
 Batch 8000-9000: loss 0.4017, accuracy 0.9397 (0.9393, 0.9436), TF ratio 0.09
 Batch 9000-10000: loss 0.3986, accuracy 0.9403 (0.9401, 0.9423), TF ratio 0.09
 Batch 10000-11000: loss 0.4037, accuracy 0.9398 (0.9393, 0.9445), TF ratio 0.09
 Batch 11000-12000: loss 0.3955, accuracy 0.9408 (0.9405, 0.9446), TF ratio 0.09
 Batch 12000-13000: loss 0.3966, accuracy 0.9409 (0.9404, 0.9454), TF ratio 0.09
 Batch 13000-14000: loss 0.3961, accuracy 0.9409 (0.9406, 0.9437), TF ratio 0.09
 Batch 14000-15000: loss 0.3987, accuracy 0.9402 (0.9398, 0.9441), TF ratio 0.09
 Batch 15000-16000: loss 0.3994, accuracy 0.9402 (0.9398, 0.9441), TF ratio 0.08
 Batch 16000-17000: loss 0.3956, accuracy 0.9411 (0.9406, 0.9462), TF ratio 0.09
 Batch 17000-18000: loss 0.3911, accuracy 0.9417 (0.9412, 0.9462), TF ratio 0.09
 Batch 18000-19000: loss 0.3928, accuracy 0.9413 (0.9410, 0.9450), TF ratio 0.09
 Batch 19000-20000: loss 0.3914, accuracy 0.9415 (0.9411, 0.9459), TF ratio 0.09
 Batch 20000-21000: loss 0.3906, accuracy 0.9420 (0.9416, 0.9463), TF ratio 0.09
 Batch 21000-22000: loss 0.3900, accuracy 0.9417 (0.9413, 0.9454), TF ratio 0.09
 Batch 22000-23000: loss 0.3882, accuracy 0.9420 (0.9416, 0.9465), TF ratio 0.09
 Batch 23000-24000: loss 0.3859, accuracy 0.9420 (0.9415, 0.9464), TF ratio 0.10
 Batch 24000-25000: loss 0.3832, accuracy 0.9424 (0.9422, 0.9448), TF ratio 0.09
 Batch 25000-26000: loss 0.3873, accuracy 0.9420 (0.9417, 0.9450), TF ratio 0.09
 Batch 26000-27000: loss 0.3836, accuracy 0.9429 (0.9425, 0.9478), TF ratio 0.09
 Batch 27000-28000: loss 0.3885, accuracy 0.9421 (0.9418, 0.9451), TF ratio 0.09
 Batch 28000-29000: loss 0.4153, accuracy 0.9359 (0.9353, 0.9419), TF ratio 0.09
 Batch 29000-30000: loss 0.3883, accuracy 0.9418 (0.9412, 0.9472), TF ratio 0.09
 Batch 30000-31000: loss 0.3830, accuracy 0.9425 (0.9421, 0.9466), TF ratio 0.09
 Batch 31000-32000: loss 0.3831, accuracy 0.9431 (0.9427, 0.9467), TF ratio 0.09
 Batch 32000-33000: loss 0.3901, accuracy 0.9417 (0.9411, 0.9473), TF ratio 0.09
Epoch finished (33019 trainings), loss 0.3960, accuracy 0.9407 (0.9403, 0.9447)
 Song 0/24: loss 0.0690, accuracy 0.9899 (cf363c9f4d840c4fd41c01c1f348b317)   
 Song 1/24: loss 0.3149, accuracy 0.9434 (cf36e31070af0c63813de6bb3c6c853d)   
 Song 2/24: loss 0.4290, accuracy 0.9272 (cf3f783099cbecf5b57fc0027176dc14)   
 Song 3/24: loss 0.1599, accuracy 0.9741 (cf46760cbeb205f4e15d35e0cea21cf9)   
 Song 4/24: loss 0.0646, accuracy 0.9910 (cf46dff2dbe726e218a67cf2b4d825b8)   
 Song 5/24: loss 0.1332, accuracy 0.9829 (cf48707e1fe330949250a901d199b04a)   
 Song 6/24: loss 0.4761, accuracy 0.9200 (cf51905661585136442e19144f72e75a)   
 Song 7/24: loss 2.3211, accuracy 0.6733 (cf5ae665a1c04c681fc3e8c7919fbf6d)   
 Song 8/24: loss 0.1667, accuracy 0.9705 (cf6018c806aefd644b5de1e4ee20208e)   
 Song 9/24: loss 0.9897, accuracy 0.8837 (cf625cb5ea447ae730fbc0ed7859dcc1)   
 Song 10/24: loss 0.5904, accuracy 0.8964 (cf69804609937fb7051519e78baf3704)   
 Song 11/24: loss 0.4420, accuracy 0.9282 (cf69e4f5a6938b4b6b344f6fee54bf5c)   
 Song 12/24: loss 0.0823, accuracy 0.9901 (cf6e6874c9d7637eb70b51dcf1e6cadc)   
 Song 13/24: loss 0.5779, accuracy 0.9170 (cf6f76bdfbea9c324f5783e168322c62)   
 Song 14/24: loss 0.1559, accuracy 0.9718 (cf72389fe54c1950b9ce696842a23fac)   
 Song 15/24: loss 0.9946, accuracy 0.8653 (cf8e1bb39be80b087d9fbdab766934c0)   
 Song 16/24: loss 0.0380, accuracy 0.9946 (cfa0338db395ffa8337791f3f55ce0e7)   
 Song 17/24: loss 0.2878, accuracy 0.9431 (cfa1bd9c5e4b709e68a88c3f2c693af1)   
 Song 18/24: loss 0.2721, accuracy 0.9334 (cfa53e81cd112cb6da5205d5d0ed644e)   
 Song 19/24: loss 0.0984, accuracy 0.9894 (cfaa0c8323d3a51bccdbb575734940d5)   
 Song 20/24: loss 0.9540, accuracy 0.8520 (cfb13078ccae1f45103930dd689ce562)   
 Song 21/24: loss 0.2912, accuracy 0.9527 (cfb1754fbb16eff0996779ee8534c5ba)   
 Song 22/24: loss 0.3658, accuracy 0.9326 (cfb1fda2ebff16f040cbec199b40a20d)   
 Song 23/24: loss 0.4711, accuracy 0.9301 (cfbb63538c68f471b8f85aa2a376ab95)   
Completed evaluation: loss 0.4481, accuracy 0.9281
Epoch 5/7
 Batch 0-1000: loss 0.3741, accuracy 0.9449 (0.9445, 0.9482), TF ratio 0.09
 Batch 1000-2000: loss 0.3718, accuracy 0.9453 (0.9447, 0.9506), TF ratio 0.09
 Batch 2000-3000: loss 0.3701, accuracy 0.9457 (0.9454, 0.9483), TF ratio 0.09
 Batch 3000-4000: loss 0.3714, accuracy 0.9454 (0.9450, 0.9484), TF ratio 0.09
 Batch 4000-5000: loss 0.3691, accuracy 0.9461 (0.9458, 0.9493), TF ratio 0.10
 Batch 5000-6000: loss 0.3733, accuracy 0.9454 (0.9450, 0.9487), TF ratio 0.09
 Batch 6000-7000: loss 0.3687, accuracy 0.9459 (0.9455, 0.9496), TF ratio 0.09
 Batch 7000-8000: loss 0.3680, accuracy 0.9462 (0.9459, 0.9489), TF ratio 0.09
 Batch 8000-9000: loss 0.3659, accuracy 0.9464 (0.9460, 0.9497), TF ratio 0.09
 Batch 9000-10000: loss 0.3689, accuracy 0.9455 (0.9452, 0.9495), TF ratio 0.09
 Batch 10000-11000: loss 0.3687, accuracy 0.9457 (0.9455, 0.9479), TF ratio 0.09
 Batch 11000-12000: loss 0.3605, accuracy 0.9470 (0.9468, 0.9492), TF ratio 0.09
 Batch 12000-13000: loss 0.3619, accuracy 0.9470 (0.9468, 0.9491), TF ratio 0.09
 Batch 13000-14000: loss 0.3646, accuracy 0.9465 (0.9459, 0.9520), TF ratio 0.09
 Batch 14000-15000: loss 0.3638, accuracy 0.9464 (0.9460, 0.9507), TF ratio 0.09
 Batch 15000-16000: loss 0.3680, accuracy 0.9463 (0.9460, 0.9492), TF ratio 0.09
 Batch 16000-17000: loss 0.3663, accuracy 0.9464 (0.9460, 0.9508), TF ratio 0.09
 Batch 17000-18000: loss 0.3649, accuracy 0.9469 (0.9467, 0.9497), TF ratio 0.09
 Batch 18000-19000: loss 0.3621, accuracy 0.9469 (0.9465, 0.9511), TF ratio 0.09
 Batch 19000-20000: loss 0.3622, accuracy 0.9470 (0.9467, 0.9497), TF ratio 0.09
 Batch 20000-21000: loss 0.3621, accuracy 0.9472 (0.9470, 0.9499), TF ratio 0.09
 Batch 21000-22000: loss 0.3627, accuracy 0.9470 (0.9467, 0.9509), TF ratio 0.09
 Batch 22000-23000: loss 0.3583, accuracy 0.9473 (0.9469, 0.9512), TF ratio 0.09
 Batch 23000-24000: loss 0.3561, accuracy 0.9478 (0.9474, 0.9517), TF ratio 0.09
 Batch 24000-25000: loss 0.3565, accuracy 0.9477 (0.9474, 0.9502), TF ratio 0.09
 Batch 25000-26000: loss 0.3613, accuracy 0.9470 (0.9468, 0.9489), TF ratio 0.09
 Batch 26000-27000: loss 0.3587, accuracy 0.9475 (0.9472, 0.9506), TF ratio 0.09
 Batch 27000-28000: loss 0.3567, accuracy 0.9476 (0.9473, 0.9514), TF ratio 0.09
 Batch 28000-29000: loss 0.3567, accuracy 0.9474 (0.9470, 0.9516), TF ratio 0.09
 Batch 29000-30000: loss 0.3549, accuracy 0.9481 (0.9479, 0.9507), TF ratio 0.09
 Batch 30000-31000: loss 0.3491, accuracy 0.9492 (0.9487, 0.9534), TF ratio 0.09
 Batch 31000-32000: loss 0.3537, accuracy 0.9481 (0.9479, 0.9499), TF ratio 0.09
 Batch 32000-33000: loss 0.3554, accuracy 0.9480 (0.9477, 0.9508), TF ratio 0.09
Epoch finished (33019 trainings), loss 0.3632, accuracy 0.9467 (0.9464, 0.9501)
 Song 0/24: loss 0.0586, accuracy 0.9927 (cf363c9f4d840c4fd41c01c1f348b317)   
 Song 1/24: loss 0.2971, accuracy 0.9513 (cf36e31070af0c63813de6bb3c6c853d)   
 Song 2/24: loss 0.4020, accuracy 0.9395 (cf3f783099cbecf5b57fc0027176dc14)   
 Song 3/24: loss 0.1470, accuracy 0.9774 (cf46760cbeb205f4e15d35e0cea21cf9)   
 Song 4/24: loss 0.0520, accuracy 0.9932 (cf46dff2dbe726e218a67cf2b4d825b8)   
 Song 5/24: loss 0.1192, accuracy 0.9898 (cf48707e1fe330949250a901d199b04a)   
 Song 6/24: loss 0.4532, accuracy 0.9236 (cf51905661585136442e19144f72e75a)   
 Song 7/24: loss 2.2563, accuracy 0.6773 (cf5ae665a1c04c681fc3e8c7919fbf6d)   
 Song 8/24: loss 0.1566, accuracy 0.9759 (cf6018c806aefd644b5de1e4ee20208e)   
 Song 9/24: loss 0.9604, accuracy 0.8863 (cf625cb5ea447ae730fbc0ed7859dcc1)   
 Song 10/24: loss 0.5466, accuracy 0.9068 (cf69804609937fb7051519e78baf3704)   
 Song 11/24: loss 0.4164, accuracy 0.9313 (cf69e4f5a6938b4b6b344f6fee54bf5c)   
 Song 12/24: loss 0.0946, accuracy 0.9822 (cf6e6874c9d7637eb70b51dcf1e6cadc)   
 Song 13/24: loss 0.5518, accuracy 0.9181 (cf6f76bdfbea9c324f5783e168322c62)   
 Song 14/24: loss 0.1402, accuracy 0.9775 (cf72389fe54c1950b9ce696842a23fac)   
 Song 15/24: loss 0.9577, accuracy 0.8613 (cf8e1bb39be80b087d9fbdab766934c0)   
 Song 16/24: loss 0.0339, accuracy 0.9953 (cfa0338db395ffa8337791f3f55ce0e7)   
 Song 17/24: loss 0.2701, accuracy 0.9431 (cfa1bd9c5e4b709e68a88c3f2c693af1)   
 Song 18/24: loss 0.2452, accuracy 0.9367 (cfa53e81cd112cb6da5205d5d0ed644e)   
 Song 19/24: loss 0.0908, accuracy 0.9894 (cfaa0c8323d3a51bccdbb575734940d5)   
 Song 20/24: loss 0.9047, accuracy 0.8639 (cfb13078ccae1f45103930dd689ce562)   
 Song 21/24: loss 0.2619, accuracy 0.9615 (cfb1754fbb16eff0996779ee8534c5ba)   
 Song 22/24: loss 0.3367, accuracy 0.9326 (cfb1fda2ebff16f040cbec199b40a20d)   
 Song 23/24: loss 0.4475, accuracy 0.9301 (cfbb63538c68f471b8f85aa2a376ab95)   
Completed evaluation: loss 0.4236, accuracy 0.9322
Epoch 6/7
 Batch 0-1000: loss 0.3490, accuracy 0.9494 (0.9491, 0.9519), TF ratio 0.09
 Batch 1000-2000: loss 0.3492, accuracy 0.9495 (0.9492, 0.9523), TF ratio 0.09
 Batch 2000-3000: loss 0.3505, accuracy 0.9494 (0.9491, 0.9530), TF ratio 0.09
 Batch 3000-4000: loss 0.3508, accuracy 0.9493 (0.9491, 0.9518), TF ratio 0.09
 Batch 4000-5000: loss 0.3510, accuracy 0.9493 (0.9490, 0.9516), TF ratio 0.09
 Batch 5000-6000: loss 0.3473, accuracy 0.9496 (0.9492, 0.9543), TF ratio 0.09
 Batch 6000-7000: loss 0.3462, accuracy 0.9503 (0.9498, 0.9547), TF ratio 0.09
 Batch 7000-8000: loss 0.3449, accuracy 0.9504 (0.9503, 0.9521), TF ratio 0.09
 Batch 8000-9000: loss 0.3465, accuracy 0.9501 (0.9496, 0.9553), TF ratio 0.09
 Batch 9000-10000: loss 0.3445, accuracy 0.9501 (0.9498, 0.9530), TF ratio 0.09
 Batch 10000-11000: loss 0.3454, accuracy 0.9502 (0.9497, 0.9547), TF ratio 0.09
 Batch 11000-12000: loss 0.3439, accuracy 0.9505 (0.9503, 0.9524), TF ratio 0.09
 Batch 12000-13000: loss 0.3446, accuracy 0.9502 (0.9498, 0.9537), TF ratio 0.09
 Batch 13000-14000: loss 0.3486, accuracy 0.9498 (0.9496, 0.9516), TF ratio 0.09
 Batch 14000-15000: loss 0.3484, accuracy 0.9495 (0.9492, 0.9533), TF ratio 0.09
 Batch 15000-16000: loss 0.3452, accuracy 0.9498 (0.9495, 0.9527), TF ratio 0.09
 Batch 16000-17000: loss 0.3420, accuracy 0.9509 (0.9506, 0.9536), TF ratio 0.09
 Batch 17000-18000: loss 0.3427, accuracy 0.9502 (0.9498, 0.9542), TF ratio 0.09
 Batch 18000-19000: loss 0.3437, accuracy 0.9507 (0.9505, 0.9519), TF ratio 0.09
 Batch 19000-20000: loss 0.3463, accuracy 0.9499 (0.9497, 0.9520), TF ratio 0.09
 Batch 20000-21000: loss 0.3418, accuracy 0.9507 (0.9504, 0.9537), TF ratio 0.09
 Batch 21000-22000: loss 0.3475, accuracy 0.9498 (0.9494, 0.9539), TF ratio 0.09
 Batch 22000-23000: loss 0.3386, accuracy 0.9514 (0.9511, 0.9541), TF ratio 0.09
 Batch 23000-24000: loss 0.3425, accuracy 0.9504 (0.9502, 0.9527), TF ratio 0.09
 Batch 24000-25000: loss 0.3467, accuracy 0.9499 (0.9498, 0.9514), TF ratio 0.09
 Batch 25000-26000: loss 0.3348, accuracy 0.9517 (0.9515, 0.9540), TF ratio 0.09
 Batch 26000-27000: loss 0.3410, accuracy 0.9505 (0.9502, 0.9535), TF ratio 0.09
 Batch 27000-28000: loss 0.3459, accuracy 0.9498 (0.9495, 0.9531), TF ratio 0.09
 Batch 28000-29000: loss 0.3430, accuracy 0.9508 (0.9505, 0.9539), TF ratio 0.09
 Batch 29000-30000: loss 0.3390, accuracy 0.9509 (0.9506, 0.9539), TF ratio 0.09
 Batch 30000-31000: loss 0.3392, accuracy 0.9507 (0.9505, 0.9536), TF ratio 0.09
 Batch 31000-32000: loss 0.3455, accuracy 0.9498 (0.9494, 0.9541), TF ratio 0.09
 Batch 32000-33000: loss 0.3418, accuracy 0.9506 (0.9504, 0.9531), TF ratio 0.09
Epoch finished (33019 trainings), loss 0.3448, accuracy 0.9502 (0.9499, 0.9532)
 Song 0/24: loss 0.0551, accuracy 0.9939 (cf363c9f4d840c4fd41c01c1f348b317)   
 Song 1/24: loss 0.2814, accuracy 0.9513 (cf36e31070af0c63813de6bb3c6c853d)   
 Song 2/24: loss 0.3908, accuracy 0.9403 (cf3f783099cbecf5b57fc0027176dc14)   
 Song 3/24: loss 0.1382, accuracy 0.9792 (cf46760cbeb205f4e15d35e0cea21cf9)   
 Song 4/24: loss 0.0542, accuracy 0.9887 (cf46dff2dbe726e218a67cf2b4d825b8)   
 Song 5/24: loss 0.1150, accuracy 0.9872 (cf48707e1fe330949250a901d199b04a)   
 Song 6/24: loss 0.4255, accuracy 0.9319 (cf51905661585136442e19144f72e75a)   
 Song 7/24: loss 2.2168, accuracy 0.6864 (cf5ae665a1c04c681fc3e8c7919fbf6d)   
 Song 8/24: loss 0.1435, accuracy 0.9770 (cf6018c806aefd644b5de1e4ee20208e)   
 Song 9/24: loss 0.9373, accuracy 0.8908 (cf625cb5ea447ae730fbc0ed7859dcc1)   
 Song 10/24: loss 0.5440, accuracy 0.9064 (cf69804609937fb7051519e78baf3704)   
 Song 11/24: loss 0.4105, accuracy 0.9363 (cf69e4f5a6938b4b6b344f6fee54bf5c)   
 Song 12/24: loss 0.0842, accuracy 0.9861 (cf6e6874c9d7637eb70b51dcf1e6cadc)   
 Song 13/24: loss 0.5301, accuracy 0.9237 (cf6f76bdfbea9c324f5783e168322c62)   
 Song 14/24: loss 0.1354, accuracy 0.9746 (cf72389fe54c1950b9ce696842a23fac)   
 Song 15/24: loss 0.9215, accuracy 0.8754 (cf8e1bb39be80b087d9fbdab766934c0)   
 Song 16/24: loss 0.0329, accuracy 0.9946 (cfa0338db395ffa8337791f3f55ce0e7)   
 Song 17/24: loss 0.2646, accuracy 0.9526 (cfa1bd9c5e4b709e68a88c3f2c693af1)   
 Song 18/24: loss 0.2248, accuracy 0.9425 (cfa53e81cd112cb6da5205d5d0ed644e)   
 Song 19/24: loss 0.0861, accuracy 0.9911 (cfaa0c8323d3a51bccdbb575734940d5)   
 Song 20/24: loss 0.8739, accuracy 0.8729 (cfb13078ccae1f45103930dd689ce562)   
 Song 21/24: loss 0.2603, accuracy 0.9571 (cfb1754fbb16eff0996779ee8534c5ba)   
 Song 22/24: loss 0.3375, accuracy 0.9326 (cfb1fda2ebff16f040cbec199b40a20d)   
 Song 23/24: loss 0.4097, accuracy 0.9413 (cfbb63538c68f471b8f85aa2a376ab95)   
Completed evaluation: loss 0.4083, accuracy 0.9359
Training completed. Did 231133 trainings.
